Sat Jun 16 2018 23:49:51 GMT+0530 (India Standard Time): GET: /api/store
Sat Jun 16 2018 23:55:00 GMT+0530 (India Standard Time): GET: /api/posts
Sat Jun 16 2018 23:55:01 GMT+0530 (India Standard Time): GET: /favicon.ico
Sat Jun 16 2018 23:55:53 GMT+0530 (India Standard Time): GET: /api/store
Sat Jun 16 2018 23:57:53 GMT+0530 (India Standard Time): GET: /api/store
Sat Jun 16 2018 23:59:53 GMT+0530 (India Standard Time): GET: /api/store
Sun Jun 17 2018 00:01:53 GMT+0530 (India Standard Time): GET: /api/store
Sun Jun 17 2018 00:03:58 GMT+0530 (India Standard Time): GET: /api/store
Sun Jun 17 2018 00:05:11 GMT+0530 (India Standard Time): POST: /api/store
Sun Jun 17 2018 00:10:15 GMT+0530 (India Standard Time): OPTIONS: /api/store
Sun Jun 17 2018 00:10:15 GMT+0530 (India Standard Time): POST: /api/store
Sun Jun 17 2018 00:11:06 GMT+0530 (India Standard Time): OPTIONS: /api/store
Sun Jun 17 2018 00:11:06 GMT+0530 (India Standard Time): POST: /api/store
Sun Jun 17 2018 00:12:56 GMT+0530 (India Standard Time): OPTIONS: /api/store
Sun Jun 17 2018 00:12:56 GMT+0530 (India Standard Time): POST: /api/store
Sun Jun 17 2018 00:13:47 GMT+0530 (India Standard Time): OPTIONS: /api/store
Sun Jun 17 2018 00:13:47 GMT+0530 (India Standard Time): POST: /api/store
Mon Jun 18 2018 11:53:50 GMT+0530 (India Standard Time): GET: /api/posts
Mon Jun 18 2018 13:17:17 GMT+0530 (India Standard Time): OPTIONS: /api/store
Mon Jun 18 2018 13:17:18 GMT+0530 (India Standard Time): POST: /api/store
Mon Jun 18 2018 13:19:13 GMT+0530 (India Standard Time): OPTIONS: /api/store
Mon Jun 18 2018 13:19:13 GMT+0530 (India Standard Time): POST: /api/store
Mon Jun 18 2018 13:27:34 GMT+0530 (India Standard Time): OPTIONS: /api/store
Mon Jun 18 2018 13:27:34 GMT+0530 (India Standard Time): POST: /api/store
Mon Jun 18 2018 13:29:48 GMT+0530 (India Standard Time): OPTIONS: /api/store
Mon Jun 18 2018 13:29:48 GMT+0530 (India Standard Time): POST: /api/store
Mon Jun 18 2018 13:39:08 GMT+0530 (India Standard Time): OPTIONS: /api/store
Mon Jun 18 2018 13:39:08 GMT+0530 (India Standard Time): POST: /api/store
Mon Jun 18 2018 13:51:27 GMT+0530 (India Standard Time): GET: /api/store
Mon Jun 18 2018 13:52:04 GMT+0530 (India Standard Time): GET: /api/store
Mon Jun 18 2018 14:50:29 GMT+0530 (India Standard Time): OPTIONS: /api/store
Mon Jun 18 2018 14:50:29 GMT+0530 (India Standard Time): POST: /api/store
Mon Jun 18 2018 14:57:59 GMT+0530 (India Standard Time): OPTIONS: /api/store
Mon Jun 18 2018 14:57:59 GMT+0530 (India Standard Time): POST: /api/store
Mon Jun 18 2018 14:59:39 GMT+0530 (India Standard Time): OPTIONS: /api/store
Mon Jun 18 2018 14:59:39 GMT+0530 (India Standard Time): POST: /api/store
Mon Jun 18 2018 15:01:09 GMT+0530 (India Standard Time): OPTIONS: /api/store
Mon Jun 18 2018 15:01:09 GMT+0530 (India Standard Time): POST: /api/store
Mon Jun 18 2018 15:05:32 GMT+0530 (India Standard Time): OPTIONS: /api/store
Mon Jun 18 2018 15:05:32 GMT+0530 (India Standard Time): POST: /api/store
Mon Jun 18 2018 15:05:50 GMT+0530 (India Standard Time): OPTIONS: /api/store
Mon Jun 18 2018 15:05:50 GMT+0530 (India Standard Time): POST: /api/store
Mon Jun 18 2018 15:08:09 GMT+0530 (India Standard Time): OPTIONS: /api/store
Mon Jun 18 2018 15:08:09 GMT+0530 (India Standard Time): POST: /api/store
Mon Jun 18 2018 15:11:55 GMT+0530 (India Standard Time): OPTIONS: /api/store
Mon Jun 18 2018 15:11:55 GMT+0530 (India Standard Time): POST: /api/store
Mon Jun 18 2018 15:12:37 GMT+0530 (India Standard Time): OPTIONS: /api/store
Mon Jun 18 2018 15:12:37 GMT+0530 (India Standard Time): POST: /api/store
Mon Jun 18 2018 15:13:02 GMT+0530 (India Standard Time): OPTIONS: /api/store
Mon Jun 18 2018 15:13:02 GMT+0530 (India Standard Time): POST: /api/store
Mon Jun 18 2018 15:15:45 GMT+0530 (India Standard Time): OPTIONS: /api/store
Mon Jun 18 2018 15:15:45 GMT+0530 (India Standard Time): POST: /api/store
Mon Jun 18 2018 15:16:20 GMT+0530 (India Standard Time): OPTIONS: /api/store
Mon Jun 18 2018 15:16:20 GMT+0530 (India Standard Time): POST: /api/store
Mon Jun 18 2018 15:16:46 GMT+0530 (India Standard Time): OPTIONS: /api/store
Mon Jun 18 2018 15:16:46 GMT+0530 (India Standard Time): POST: /api/store
Mon Jun 18 2018 15:17:03 GMT+0530 (India Standard Time): OPTIONS: /api/store
Mon Jun 18 2018 15:17:03 GMT+0530 (India Standard Time): POST: /api/store
Mon Jun 18 2018 15:20:49 GMT+0530 (India Standard Time): OPTIONS: /api/store
Mon Jun 18 2018 15:20:50 GMT+0530 (India Standard Time): POST: /api/store
Mon Jun 18 2018 15:23:14 GMT+0530 (India Standard Time): OPTIONS: /api/store
Mon Jun 18 2018 15:23:14 GMT+0530 (India Standard Time): POST: /api/store
Mon Jun 18 2018 15:25:43 GMT+0530 (India Standard Time): OPTIONS: /api/store
Mon Jun 18 2018 15:25:43 GMT+0530 (India Standard Time): POST: /api/store
Mon Jun 18 2018 15:32:42 GMT+0530 (India Standard Time): OPTIONS: /api/store
Mon Jun 18 2018 15:32:42 GMT+0530 (India Standard Time): POST: /api/store
Mon Jun 18 2018 15:34:16 GMT+0530 (India Standard Time): OPTIONS: /api/store
Mon Jun 18 2018 15:34:16 GMT+0530 (India Standard Time): POST: /api/store
Mon Jun 18 2018 15:36:47 GMT+0530 (India Standard Time): OPTIONS: /api/store
Mon Jun 18 2018 15:36:47 GMT+0530 (India Standard Time): POST: /api/store
Mon Jun 18 2018 15:37:21 GMT+0530 (India Standard Time): OPTIONS: /api/store
Mon Jun 18 2018 15:37:21 GMT+0530 (India Standard Time): POST: /api/store
Mon Jun 18 2018 15:39:28 GMT+0530 (India Standard Time): OPTIONS: /api/store
Mon Jun 18 2018 15:39:28 GMT+0530 (India Standard Time): POST: /api/store
Mon Jun 18 2018 15:40:36 GMT+0530 (India Standard Time): OPTIONS: /api/store
Mon Jun 18 2018 15:40:36 GMT+0530 (India Standard Time): POST: /api/store
Mon Jun 18 2018 15:41:01 GMT+0530 (India Standard Time): OPTIONS: /api/store
Mon Jun 18 2018 15:41:01 GMT+0530 (India Standard Time): POST: /api/store
Mon Jun 18 2018 15:41:34 GMT+0530 (India Standard Time): OPTIONS: /api/store
Mon Jun 18 2018 15:41:34 GMT+0530 (India Standard Time): POST: /api/store
Mon Jun 18 2018 15:42:40 GMT+0530 (India Standard Time): OPTIONS: /api/store
Mon Jun 18 2018 15:42:40 GMT+0530 (India Standard Time): POST: /api/store
Mon Jun 18 2018 15:44:42 GMT+0530 (India Standard Time): OPTIONS: /api/store
Mon Jun 18 2018 15:44:42 GMT+0530 (India Standard Time): POST: /api/store
Mon Jun 18 2018 15:47:04 GMT+0530 (India Standard Time): OPTIONS: /api/store
Mon Jun 18 2018 15:47:04 GMT+0530 (India Standard Time): POST: /api/store
Mon Jun 18 2018 15:48:06 GMT+0530 (India Standard Time): OPTIONS: /api/store
Mon Jun 18 2018 15:48:06 GMT+0530 (India Standard Time): POST: /api/store
Mon Jun 18 2018 15:48:54 GMT+0530 (India Standard Time): OPTIONS: /api/store
Mon Jun 18 2018 15:48:54 GMT+0530 (India Standard Time): POST: /api/store
